<?xml version="1.0" encoding="UTF-8"?>
<coverage generated="1642869044751" clover="3.2.0">
  <project timestamp="1642869044751" name="All files">
    <metrics statements="3" coveredstatements="3" conditionals="3" coveredconditionals="3" methods="1" coveredmethods="1" elements="7" coveredelements="7" complexity="0" loc="3" ncloc="3" packages="1" files="1" classes="1"/>
    <file name="common.ts" path="/Users/a10378/Documents/vuild/vuild/TMPL_NEST_NEXT/src/shared/utils/common.ts">
      <metrics statements="3" coveredstatements="3" conditionals="3" coveredconditionals="3" methods="1" coveredmethods="1"/>
      <line num="14" count="1" type="stmt"/>
      <line num="15" count="8" type="cond" truecount="3" falsecount="0"/>
      <line num="16" count="6" type="stmt"/>
    </file>
  </project>
</coverage>
