{"/Users/a10378/Documents/vuild/vuild/TMPL_NEST_NEXT/src/shared/utils/common.ts": {"path":"/Users/a10378/Documents/vuild/vuild/TMPL_NEST_NEXT/src/shared/utils/common.ts","statementMap":{"0":{"start":{"line":15,"column":2},"end":{"line":15,"column":62}},"1":{"start":{"line":15,"column":49},"end":{"line":15,"column":62}},"2":{"start":{"line":16,"column":2},"end":{"line":16,"column":14}},"3":{"start":{"line":14,"column":0},"end":{"line":14,"column":16}}},"fnMap":{"0":{"name":"isDefined","decl":{"start":{"line":14,"column":16},"end":{"line":14,"column":25}},"loc":{"start":{"line":14,"column":38},"end":{"line":17,"column":1}}}},"branchMap":{"0":{"loc":{"start":{"line":15,"column":2},"end":{"line":15,"column":62}},"type":"if","locations":[{"start":{"line":15,"column":2},"end":{"line":15,"column":62}}]},"1":{"loc":{"start":{"line":15,"column":6},"end":{"line":15,"column":47}},"type":"binary-expr","locations":[{"start":{"line":15,"column":6},"end":{"line":15,"column":17}},{"start":{"line":15,"column":21},"end":{"line":15,"column":47}}]}},"s":{"0":8,"1":2,"2":6,"3":1},"f":{"0":8},"b":{"0":[2],"1":[8,6]}}
}
